C51 COMPILER V9.60.7.0   TIMER2                                                            08/11/2025 14:25:48 PAGE 1   


C51 COMPILER V9.60.7.0, COMPILATION OF MODULE TIMER2
OBJECT MODULE PLACED IN .\Release\Objects\timer2.obj
COMPILER INVOKED BY: C:\Keil_v5\C51\BIN\C51.EXE ..\..\HardWare\timer2.c LARGE OPTIMIZE(8,SPEED) BROWSE INTVECTOR(0X000C)
                    - INCDIR(..\..\Libraries\Include;..\..\User;..\..\HardWare) INTERVAL(3) DEBUG OBJECTEXTEND PRINT(.\Release\Listings\timer
                    -2.lst) OBJECT(.\Release\Objects\timer2.obj)

line level    source

   1          #include "timer2.h"
   2          
   3          // pwm配置
   4          void timer2_pwm_config(void)
   5          {
   6   1          // 配置 xx 为 PWM 输出端口
   7   1          // P2_MD0 &= ~GPIO_P22_MODE_SEL(0x3);
   8   1          // P2_MD0 |= GPIO_P22_MODE_SEL(0x1); // 输出模式
   9   1          // FOUT_S22 = GPIO_FOUT_TMR2_PWMOUT; 
  10   1      
  11   1          P3_MD0 &= ~GPIO_P30_MODE_SEL(0x3);
  12   1          P3_MD0 |= GPIO_P30_MODE_SEL(0x1); // 输出模式
  13   1          FOUT_S30 = GPIO_FOUT_TMR2_PWMOUT;
  14   1      
  15   1          TMR_ALLCON = TMR2_CNT_CLR(0x1);                        // 清除计数值
  16   1          TMR2_PRH = TMR_PERIOD_VAL_H((TIMER2_FEQ >> 8) & 0xFF); // 周期值
  17   1          TMR2_PRL = TMR_PERIOD_VAL_L((TIMER2_FEQ >> 0) & 0xFF);
  18   1          TMR2_PWMH = TMR_PWM_VAL_H((((u32)TIMER2_FEQ * 50 / 100) >> 8) & 0xFF); // 占空比设置值
  19   1          TMR2_PWML = TMR_PWM_VAL_L((((u32)TIMER2_FEQ * 50 / 100) >> 0) & 0xFF);
  20   1          TMR2_CONH = TMR_PRD_PND(0x1) | TMR_PRD_IRQ_EN(0x1);                           // 使能计数中断
  21   1          TMR2_CONL = TMR_SOURCE_SEL(0x7) | TMR_PRESCALE_SEL(0x07) | TMR_MODE_SEL(0x2); // 选择系统时钟，
             -时钟源 128 分频，PWM模式
  22   1      }
  23          
  24          // 开启PWM，引脚复用为pwm输出
  25          void timer2_pwm_enable(void)
  26          {
  27   1          // FOUT_S22 = GPIO_FOUT_TMR2_PWMOUT;
  28   1      
  29   1          FOUT_S30 = GPIO_FOUT_TMR2_PWMOUT;
  30   1      
  31   1          TMR2_CONL = TMR_SOURCE_SEL(0x7) | TMR_PRESCALE_SEL(0x07) | TMR_MODE_SEL(0x2); // 选择系统时钟，
             -时钟源 128 分频，PWM模式
  32   1      }
  33          
  34          // 关闭pwm，引脚输出低电平
  35          void timer2_pwm_disable(void)
  36          {
  37   1          TMR2_CONL &= ~(0x03 << 0);    // 不使能定时器计数
  38   1      
  39   1          // FOUT_S22 = GPIO_FOUT_AF_FUNC; // 数字复用功能输出
  40   1          // P22 = 0;
  41   1      
  42   1          FOUT_S30 = GPIO_FOUT_AF_FUNC; // 数字复用功能输出
  43   1          P30 = 0;
  44   1      }
  45          
  46          
  47          // pwm_duty_val占空比值，不是以百分比为单位，直接将该参数写入寄存器
  48          void timer2_set_pwm_duty(u16 pwm_duty_val)
  49          {
  50   1          // TMR2_PWMH = TMR_PWM_VAL_H((((u32)TIMER2_FEQ * pwm_duty / 100) >> 8) & 0xFF); // 占空比设置值
  51   1          // TMR2_PWML = TMR_PWM_VAL_L((((u32)TIMER2_FEQ * pwm_duty / 100) >> 0) & 0xFF);
C51 COMPILER V9.60.7.0   TIMER2                                                            08/11/2025 14:25:48 PAGE 2   

  52   1      
  53   1          // TMR2_PWMH = TMR_PWM_VAL_H((((u32)TIMER2_FEQ * pwm_duty_val / 100) >> 8) & 0xFF); // 占空比设置
             -值
  54   1          // TMR2_PWML = TMR_PWM_VAL_L((((u32)TIMER2_FEQ * pwm_duty_val / 100) >> 0) & 0xFF);
  55   1      
  56   1          TMR2_PWMH = (pwm_duty_val >> 8) & 0xFF; // 占空比设置值
  57   1          TMR2_PWML = (pwm_duty_val >> 0) & 0xFF;
  58   1      }
  59          
  60          


MODULE INFORMATION:   STATIC OVERLAYABLE
   CODE SIZE        =     96    ----
   CONSTANT SIZE    =   ----    ----
   XDATA SIZE       =   ----    ----
   PDATA SIZE       =   ----    ----
   DATA SIZE        =   ----    ----
   IDATA SIZE       =   ----    ----
   BIT SIZE         =   ----    ----
END OF MODULE INFORMATION.


C51 COMPILATION COMPLETE.  0 WARNING(S),  0 ERROR(S)
